2021-01-17 11:33:07.884 - INFO - 5966 - azureml.train.automl._azureautomlclient.modify_run_configuration:199 - Package azureml-train-automl missing from dependencies file.
2021-01-17 11:33:07.884 - INFO - 5966 - azureml.train.automl._azureautomlclient.modify_run_configuration:205 - Using pinned version: azureml-train-automl==1.19.0.*
2021-01-17 11:33:07.884 - INFO - 5966 - azureml.train.automl._azureautomlclient.modify_run_configuration:199 - Package pandas missing from dependencies file.
2021-01-17 11:33:07.885 - INFO - 5966 - azureml.train.automl._azureautomlclient.modify_run_configuration:205 - Using pinned version: pandas==0.25.1
2021-01-17 11:33:07.885 - INFO - 5966 - azureml.train.automl._azureautomlclient.modify_run_configuration:199 - Package psutil missing from dependencies file.
2021-01-17 11:33:07.885 - INFO - 5966 - azureml.train.automl._azureautomlclient.modify_run_configuration:205 - Using pinned version: psutil>5.0.0,<6.0.0
2021-01-17 11:33:07.886 - INFO - 5966 - azureml.train.automl._azureautomlclient.modify_run_configuration:199 - Package scikit-learn missing from dependencies file.
2021-01-17 11:33:07.886 - INFO - 5966 - azureml.train.automl._azureautomlclient.modify_run_configuration:205 - Using pinned version: scikit-learn==0.22.1
2021-01-17 11:33:07.887 - INFO - 5966 - azureml.train.automl._azureautomlclient.modify_run_configuration:199 - Package numpy missing from dependencies file.
2021-01-17 11:33:07.887 - INFO - 5966 - azureml.train.automl._azureautomlclient.modify_run_configuration:205 - Using pinned version: numpy~=1.18.0
2021-01-17 11:33:07.888 - INFO - 5966 - azureml.train.automl._azureautomlclient.modify_run_configuration:199 - Package py-xgboost missing from dependencies file.
2021-01-17 11:33:07.888 - INFO - 5966 - azureml.train.automl._azureautomlclient.modify_run_configuration:205 - Using pinned version: py-xgboost<=0.90
2021-01-17 11:33:07.889 - INFO - 5966 - azureml.train.automl._azureautomlclient.modify_run_configuration:199 - Package inference-schema missing from dependencies file.
2021-01-17 11:33:07.889 - INFO - 5966 - azureml.train.automl._azureautomlclient.modify_run_configuration:199 - Package fbprophet missing from dependencies file.
2021-01-17 11:33:07.890 - INFO - 5966 - azureml.train.automl._azureautomlclient.modify_run_configuration:205 - Using pinned version: fbprophet==0.5
2021-01-17 11:33:07.890 - INFO - 5966 - azureml.train.automl._azureautomlclient.modify_run_configuration:199 - Package setuptools-git missing from dependencies file.
2021-01-17 11:33:07.891 - INFO - 5966 - azureml.train.automl._azureautomlclient.modify_run_configuration:209 - Using installed version: setuptools-git==1.2
2021-01-17 11:33:07.897 - INFO - 5966 - azureml.train.automl._azureautomlclient._validate_input:663 - Start data validation.
2021-01-17 11:33:09.859 - INFO - 5966 - azureml.train.automl._azureautomlclient._validate_input:676 - Validation service found the data has no errors.
2021-01-17 11:33:09.860 - INFO - 5966 - azureml.train.automl._azureautomlclient._create_parent_run_for_remote:541 - Start creating parent run.
2021-01-17 11:33:10.097 - INFO - 5966 - azureml.train.automl._azureautomlclient._create_parent_run_for_remote:561 - [ParentRunID:AutoML_d978cdf9-f9e8-4561-b163-c40905bf025c] Remote run using input X and y.
2021-01-17 11:33:10.166 - INFO - 5966 - azureml.train.automl._azureautomlclient._create_parent_run_for_remote:574 - Parent Run ID: AutoML_d978cdf9-f9e8-4561-b163-c40905bf025c
2021-01-17 11:33:10.167 - INFO - 5966 - azureml.train.automl._azureautomlclient._fit_remote_core:502 - Starting a snapshot run (snapshot_id : None)
